<?xml version="1.0" encoding="UTF-8"?>
<!-- Generated by org.testng.reporters.JUnitReportReporter -->
<testsuite skipped="0" name="runner.RunnerIO" tests="2" failures="0" timestamp="30 Mar 2022 17:47:54 GMT" time="38.767" errors="0">
  <testcase name="runScenario" time="29.548" classname="runner.RunnerIO"/>
  <testcase name="runScenario" time="9.219" classname="runner.RunnerIO"/>
</testsuite> <!-- runner.RunnerIO -->
